<?xml version="1.0" encoding="UTF-8"?>
<robot generator="Robot 3.0.4 (Python 3.6.3 on win32)" generated="20181112 09:04:30.647">
<suite id="s1" name="Projekty" source="C:\Users\lulu\HSCH\Projekty">
<suite id="s1-s1" name="Tests" source="C:\Users\lulu\HSCH\Projekty\Tests">
<suite id="s1-s1-s1" name="Women" source="C:\Users\lulu\HSCH\Projekty\Tests\Women.robot">
<test id="s1-s1-s1-t1" name="Sorting in Women And Compare">
<kw name="Open Browser in Women Section And Maximize" library="Automationpractice_keywords" type="setup">
<kw name="Open Browser" library="SeleniumLibrary">
<doc>Opens a new browser instance to the given ``url``.</doc>
<arguments>
<arg>${url}</arg>
<arg>${browser}</arg>
</arguments>
<msg timestamp="20181112 09:04:31.776" level="INFO">Opening browser 'chrome' to base url 'http://automationpractice.com/index.php?id_category=3&amp;controller=category#/'.</msg>
<status status="PASS" starttime="20181112 09:04:31.776" endtime="20181112 09:04:37.658"></status>
</kw>
<kw name="Maximize Browser Window" library="SeleniumLibrary">
<doc>Maximizes current browser window.</doc>
<status status="PASS" starttime="20181112 09:04:37.660" endtime="20181112 09:04:38.811"></status>
</kw>
<status status="PASS" starttime="20181112 09:04:31.775" endtime="20181112 09:04:38.813"></status>
</kw>
<kw name="Sorting Women Clothes" library="Automationpractice_keywords">
<kw name="Select From List By Label" library="SeleniumLibrary">
<doc>Selects options from selection list ``locator`` by ``labels``.</doc>
<arguments>
<arg>${select_product}</arg>
<arg>Price: Lowest first</arg>
</arguments>
<msg timestamp="20181112 09:04:38.817" level="INFO">Selecting options from selection list 'id=selectProductSort' by label Price: Lowest first.</msg>
<status status="PASS" starttime="20181112 09:04:38.816" endtime="20181112 09:04:38.986"></status>
</kw>
<kw name="Click Element" library="SeleniumLibrary">
<doc>Click element identified by ``locator``.</doc>
<arguments>
<arg>${checker_availability}</arg>
</arguments>
<msg timestamp="20181112 09:04:38.988" level="INFO">Clicking element 'id=layered_quantity_1'.</msg>
<status status="PASS" starttime="20181112 09:04:38.987" endtime="20181112 09:04:39.112"></status>
</kw>
<kw name="Sleep" library="BuiltIn">
<doc>Pauses the test executed for the given time.</doc>
<arguments>
<arg>2</arg>
</arguments>
<msg timestamp="20181112 09:04:41.117" level="INFO">Slept 2 seconds</msg>
<status status="PASS" starttime="20181112 09:04:39.113" endtime="20181112 09:04:41.118"></status>
</kw>
<status status="PASS" starttime="20181112 09:04:38.814" endtime="20181112 09:04:41.119"></status>
</kw>
<kw name="Compare products" library="Automationpractice_keywords">
<kw name="Mouse Up" library="SeleniumLibrary">
<doc>Simulates releasing the left mouse button on the element ``locator``.</doc>
<arguments>
<arg>${mouse_up1}</arg>
</arguments>
<msg timestamp="20181112 09:04:41.124" level="INFO">Simulating Mouse Up on element 'xpath=//*[@id="center_column"]/ul/li[1]/div/div[2]'.</msg>
<status status="PASS" starttime="20181112 09:04:41.123" endtime="20181112 09:04:41.204"></status>
</kw>
<kw name="Wait Until Element Is Visible" library="SeleniumLibrary">
<doc>Waits until element ``locator`` is visible.</doc>
<arguments>
<arg>${compare_product2}</arg>
</arguments>
<status status="PASS" starttime="20181112 09:04:41.206" endtime="20181112 09:04:41.253"></status>
</kw>
<kw name="Click Element" library="SeleniumLibrary">
<doc>Click element identified by ``locator``.</doc>
<arguments>
<arg>${compare_product2}</arg>
</arguments>
<msg timestamp="20181112 09:04:41.255" level="INFO">Clicking element 'xpath=//*[@id="center_column"]/ul/li[1]/div/div[3]/div[2]'.</msg>
<status status="PASS" starttime="20181112 09:04:41.254" endtime="20181112 09:04:41.343"></status>
</kw>
<kw name="Sleep" library="BuiltIn">
<doc>Pauses the test executed for the given time.</doc>
<arguments>
<arg>2</arg>
</arguments>
<msg timestamp="20181112 09:04:43.358" level="INFO">Slept 2 seconds</msg>
<status status="PASS" starttime="20181112 09:04:41.344" endtime="20181112 09:04:43.359"></status>
</kw>
<kw name="Mouse Up" library="SeleniumLibrary">
<doc>Simulates releasing the left mouse button on the element ``locator``.</doc>
<arguments>
<arg>${mouse_up2}</arg>
</arguments>
<msg timestamp="20181112 09:04:43.360" level="INFO">Simulating Mouse Up on element 'xpath=//*[@id="center_column"]/ul/li[2]/div/div[2]'.</msg>
<status status="PASS" starttime="20181112 09:04:43.359" endtime="20181112 09:04:43.424"></status>
</kw>
<kw name="Click Element" library="SeleniumLibrary">
<doc>Click element identified by ``locator``.</doc>
<arguments>
<arg>${compare_product3}</arg>
</arguments>
<msg timestamp="20181112 09:04:43.426" level="INFO">Clicking element 'xpath=//*[@id="center_column"]/ul/li[2]/div/div[3]/div[2]'.</msg>
<status status="PASS" starttime="20181112 09:04:43.425" endtime="20181112 09:04:43.530"></status>
</kw>
<kw name="Wait Until Element Is Visible" library="SeleniumLibrary">
<doc>Waits until element ``locator`` is visible.</doc>
<arguments>
<arg>${btn_compare_link}</arg>
</arguments>
<status status="PASS" starttime="20181112 09:04:43.531" endtime="20181112 09:04:43.574"></status>
</kw>
<kw name="Click Element" library="SeleniumLibrary">
<doc>Click element identified by ``locator``.</doc>
<arguments>
<arg>${btn_compare_link}</arg>
</arguments>
<msg timestamp="20181112 09:04:43.575" level="INFO">Clicking element 'xpath=//*[@class="compare-form"]'.</msg>
<status status="PASS" starttime="20181112 09:04:43.574" endtime="20181112 09:04:44.962"></status>
</kw>
<kw name="Sleep" library="BuiltIn">
<doc>Pauses the test executed for the given time.</doc>
<arguments>
<arg>5</arg>
</arguments>
<msg timestamp="20181112 09:04:49.964" level="INFO">Slept 5 seconds</msg>
<status status="PASS" starttime="20181112 09:04:44.963" endtime="20181112 09:04:49.965"></status>
</kw>
<status status="PASS" starttime="20181112 09:04:41.120" endtime="20181112 09:04:49.966"></status>
</kw>
<kw name="Capture Prtc And Close Browser" library="Automationpractice_keywords" type="teardown">
<kw name="Capture Page Screenshot" library="SeleniumLibrary">
<doc>Takes screenshot of the current page and embeds it into log file.</doc>
<msg timestamp="20181112 09:04:50.311" level="INFO" html="yes">&lt;/td&gt;&lt;/tr&gt;&lt;tr&gt;&lt;td colspan="3"&gt;&lt;a href="selenium-screenshot-1.png"&gt;&lt;img src="selenium-screenshot-1.png" width="800px"&gt;&lt;/a&gt;</msg>
<status status="PASS" starttime="20181112 09:04:49.970" endtime="20181112 09:04:50.311"></status>
</kw>
<kw name="Close Browser" library="SeleniumLibrary">
<doc>Closes the current browser.</doc>
<status status="PASS" starttime="20181112 09:04:50.312" endtime="20181112 09:04:52.602"></status>
</kw>
<status status="PASS" starttime="20181112 09:04:49.968" endtime="20181112 09:04:52.604"></status>
</kw>
<status status="PASS" starttime="20181112 09:04:31.774" endtime="20181112 09:04:52.604" critical="yes"></status>
</test>
<status status="PASS" starttime="20181112 09:04:30.809" endtime="20181112 09:04:52.609"></status>
</suite>
<status status="PASS" starttime="20181112 09:04:30.806" endtime="20181112 09:04:52.615"></status>
</suite>
<status status="PASS" starttime="20181112 09:04:30.769" endtime="20181112 09:04:52.620"></status>
</suite>
<statistics>
<total>
<stat pass="1" fail="0">Critical Tests</stat>
<stat pass="1" fail="0">All Tests</stat>
</total>
<tag>
</tag>
<suite>
<stat pass="1" fail="0" id="s1" name="Projekty">Projekty</stat>
<stat pass="1" fail="0" id="s1-s1" name="Tests">Projekty.Tests</stat>
<stat pass="1" fail="0" id="s1-s1-s1" name="Women">Projekty.Tests.Women</stat>
</suite>
</statistics>
<errors>
</errors>
</robot>
